This is pdfTeX, Version 3.141592653-2.6-1.40.25 (TeX Live 2023) (preloaded format=pdflatex 2024.2.15)  30 MAY 2024 15:26
entering extended mode
 restricted \write18 enabled.
 %&-line parsing enabled.
**documentazione.tex
(./documentazione.tex
LaTeX2e <2023-11-01> patch level 1
L3 programming layer <2024-02-13>
(c:/texlive/2023/texmf-dist/tex/latex/base/article.cls
Document Class: article 2023/05/17 v1.4n Standard LaTeX document class
(c:/texlive/2023/texmf-dist/tex/latex/base/size10.clo
File: size10.clo 2023/05/17 v1.4n Standard LaTeX file (size option)
)
\c@part=\count188
\c@section=\count189
\c@subsection=\count190
\c@subsubsection=\count191
\c@paragraph=\count192
\c@subparagraph=\count193
\c@figure=\count194
\c@table=\count195
\abovecaptionskip=\skip48
\belowcaptionskip=\skip49
\bibindent=\dimen140
)
(c:/texlive/2023/texmf-dist/tex/latex/imakeidx/imakeidx.sty
Package: imakeidx 2016/10/15 v1.3e Package for typesetting indices in a synchro
nous mode

(c:/texlive/2023/texmf-dist/tex/latex/xkeyval/xkeyval.sty
Package: xkeyval 2022/06/16 v2.9 package option processing (HA)

(c:/texlive/2023/texmf-dist/tex/generic/xkeyval/xkeyval.tex
(c:/texlive/2023/texmf-dist/tex/generic/xkeyval/xkvutils.tex
\XKV@toks=\toks17
\XKV@tempa@toks=\toks18

(c:/texlive/2023/texmf-dist/tex/generic/xkeyval/keyval.tex))
\XKV@depth=\count196
File: xkeyval.tex 2014/12/03 v2.7a key=value parser (HA)
))
(c:/texlive/2023/texmf-dist/tex/generic/iftex/ifxetex.sty
Package: ifxetex 2019/10/25 v0.7 ifxetex legacy package. Use iftex instead.

(c:/texlive/2023/texmf-dist/tex/generic/iftex/iftex.sty
Package: iftex 2022/02/03 v1.0f TeX engine tests
))
(c:/texlive/2023/texmf-dist/tex/generic/iftex/ifluatex.sty
Package: ifluatex 2019/10/25 v1.5 ifluatex legacy package. Use iftex instead.
)
(c:/texlive/2023/texmf-dist/tex/latex/tools/multicol.sty
Package: multicol 2023/03/30 v1.9f multicolumn formatting (FMi)
\c@tracingmulticols=\count197
\mult@box=\box51
\multicol@leftmargin=\dimen141
\c@unbalance=\count198
\c@collectmore=\count199
\doublecol@number=\count266
\multicoltolerance=\count267
\multicolpretolerance=\count268
\full@width=\dimen142
\page@free=\dimen143
\premulticols=\dimen144
\postmulticols=\dimen145
\multicolsep=\skip50
\multicolbaselineskip=\skip51
\partial@page=\box52
\last@line=\box53
\mc@boxedresult=\box54
\maxbalancingoverflow=\dimen146
\mult@rightbox=\box55
\mult@grightbox=\box56
\mult@firstbox=\box57
\mult@gfirstbox=\box58
\@tempa=\box59
\@tempa=\box60
\@tempa=\box61
\@tempa=\box62
\@tempa=\box63
\@tempa=\box64
\@tempa=\box65
\@tempa=\box66
\@tempa=\box67
\@tempa=\box68
\@tempa=\box69
\@tempa=\box70
\@tempa=\box71
\@tempa=\box72
\@tempa=\box73
\@tempa=\box74
\@tempa=\box75
\@tempa=\box76
\@tempa=\box77
\@tempa=\box78
\@tempa=\box79
\@tempa=\box80
\@tempa=\box81
\@tempa=\box82
\@tempa=\box83
\@tempa=\box84
\@tempa=\box85
\@tempa=\box86
\@tempa=\box87
\@tempa=\box88
\@tempa=\box89
\@tempa=\box90
\@tempa=\box91
\@tempa=\box92
\@tempa=\box93
\@tempa=\box94
\c@minrows=\count269
\c@columnbadness=\count270
\c@finalcolumnbadness=\count271
\last@try=\dimen147
\multicolovershoot=\dimen148
\multicolundershoot=\dimen149
\mult@nat@firstbox=\box95
\colbreak@box=\box96
\mc@col@check@num=\count272
))
(c:/texlive/2023/texmf-dist/tex/latex/xcolor/xcolor.sty
Package: xcolor 2023/11/15 v3.01 LaTeX color extensions (UK)

(c:/texlive/2023/texmf-dist/tex/latex/graphics-cfg/color.cfg
File: color.cfg 2016/01/02 v1.6 sample color configuration
)
Package xcolor Info: Driver file: pdftex.def on input line 274.

(c:/texlive/2023/texmf-dist/tex/latex/graphics-def/pdftex.def
File: pdftex.def 2022/09/22 v1.2b Graphics/color driver for pdftex
)
(c:/texlive/2023/texmf-dist/tex/latex/graphics/mathcolor.ltx)
Package xcolor Info: Model `cmy' substituted by `cmy0' on input line 1350.
Package xcolor Info: Model `hsb' substituted by `rgb' on input line 1354.
Package xcolor Info: Model `RGB' extended on input line 1366.
Package xcolor Info: Model `HTML' substituted by `rgb' on input line 1368.
Package xcolor Info: Model `Hsb' substituted by `hsb' on input line 1369.
Package xcolor Info: Model `tHsb' substituted by `hsb' on input line 1370.
Package xcolor Info: Model `HSB' substituted by `hsb' on input line 1371.
Package xcolor Info: Model `Gray' substituted by `gray' on input line 1372.
Package xcolor Info: Model `wave' substituted by `hsb' on input line 1373.
)
(c:/texlive/2023/texmf-dist/tex/latex/base/inputenc.sty
Package: inputenc 2021/02/14 v1.3d Input encoding file
\inpenc@prehook=\toks19
\inpenc@posthook=\toks20
)
(c:/texlive/2023/texmf-dist/tex/latex/base/fontenc.sty
Package: fontenc 2021/04/29 v2.0v Standard LaTeX package
)
(c:/texlive/2023/texmf-dist/tex/generic/babel/babel.sty
Package: babel 2024/02/07 v24.2 The Babel package
\babel@savecnt=\count273
\U@D=\dimen150
\l@unhyphenated=\language89

(c:/texlive/2023/texmf-dist/tex/generic/babel/txtbabel.def)
\bbl@readstream=\read2
\bbl@dirlevel=\count274

(c:/texlive/2023/texmf-dist/tex/generic/babel-italian/italian.ldf
Language: italian 2024/01/03 v.1.5.00 Italian support for the babel system
\it@lettering=\count275
\it@doublequoteactive=\count276
\it@ISOcompliance=\count277
))
(c:/texlive/2023/texmf-dist/tex/generic/babel/locale/it/babel-italian.tex
Package babel Info: Importing font and identification data for italian
(babel)             from babel-it.ini. Reported on input line 11.
)
(c:/texlive/2023/texmf-dist/tex/latex/etoolbox/etoolbox.sty
Package: etoolbox 2020/10/05 v2.5k e-TeX tools for LaTeX (JAW)
\etb@tempcnta=\count278
)
(c:/texlive/2023/texmf-dist/tex/latex/makecell/makecell.sty
Package: makecell 2009/08/03 V0.1e Managing of Tab Column Heads and Cells

(c:/texlive/2023/texmf-dist/tex/latex/tools/array.sty
Package: array 2023/10/16 v2.5g Tabular extension package (FMi)
\col@sep=\dimen151
\ar@mcellbox=\box97
\extrarowheight=\dimen152
\NC@list=\toks21
\extratabsurround=\skip52
\backup@length=\skip53
\ar@cellbox=\box98
)
\rotheadsize=\dimen153
\c@nlinenum=\count279
\TeXr@lab=\toks22
)
(c:/texlive/2023/texmf-dist/tex/latex/pdfpages/pdfpages.sty
Package: pdfpages 2024/01/21 v0.5y Insert pages of external PDF documents (AM)

(c:/texlive/2023/texmf-dist/tex/latex/base/ifthen.sty
Package: ifthen 2022/04/13 v1.1d Standard LaTeX ifthen package (DPC)
)
(c:/texlive/2023/texmf-dist/tex/latex/tools/calc.sty
Package: calc 2023/07/08 v4.3 Infix arithmetic (KKT,FJ)
\calc@Acount=\count280
\calc@Bcount=\count281
\calc@Adimen=\dimen154
\calc@Bdimen=\dimen155
\calc@Askip=\skip54
\calc@Bskip=\skip55
LaTeX Info: Redefining \setlength on input line 80.
LaTeX Info: Redefining \addtolength on input line 81.
\calc@Ccount=\count282
\calc@Cskip=\skip56
)
(c:/texlive/2023/texmf-dist/tex/latex/eso-pic/eso-pic.sty
Package: eso-pic 2023/05/03 v3.0c eso-pic (RN)
\ESO@tempdima=\dimen156
\ESO@tempdimb=\dimen157
)
(c:/texlive/2023/texmf-dist/tex/latex/graphics/graphicx.sty
Package: graphicx 2021/09/16 v1.2d Enhanced LaTeX Graphics (DPC,SPQR)

(c:/texlive/2023/texmf-dist/tex/latex/graphics/graphics.sty
Package: graphics 2022/03/10 v1.4e Standard LaTeX Graphics (DPC,SPQR)

(c:/texlive/2023/texmf-dist/tex/latex/graphics/trig.sty
Package: trig 2021/08/11 v1.11 sin cos tan (DPC)
)
(c:/texlive/2023/texmf-dist/tex/latex/graphics-cfg/graphics.cfg
File: graphics.cfg 2016/06/04 v1.11 sample graphics configuration
)
Package graphics Info: Driver file: pdftex.def on input line 107.
)
\Gin@req@height=\dimen158
\Gin@req@width=\dimen159
)
\AM@pagewidth=\dimen160
\AM@pageheight=\dimen161
\AM@fboxrule=\dimen162

(c:/texlive/2023/texmf-dist/tex/latex/pdfpages/pppdftex.def
File: pppdftex.def 2024/01/21 v0.5y Pdfpages driver for pdfTeX (AM)
)
\pdfpages@includegraphics@status=\count283
\AM@pagebox=\box99
\AM@global@opts=\toks23
\AM@pagecnt=\count284
\AM@toc@title=\toks24
\AM@lof@heading=\toks25
\c@AM@survey=\count285
\AM@templatesizebox=\box100
)
(c:/texlive/2023/texmf-dist/tex/latex/geometry/geometry.sty
Package: geometry 2020/01/02 v5.9 Page Geometry

(c:/texlive/2023/texmf-dist/tex/generic/iftex/ifvtex.sty
Package: ifvtex 2019/10/25 v1.7 ifvtex legacy package. Use iftex instead.
)
\Gm@cnth=\count286
\Gm@cntv=\count287
\c@Gm@tempcnt=\count288
\Gm@bindingoffset=\dimen163
\Gm@wd@mp=\dimen164
\Gm@odd@mp=\dimen165
\Gm@even@mp=\dimen166
\Gm@layoutwidth=\dimen167
\Gm@layoutheight=\dimen168
\Gm@layouthoffset=\dimen169
\Gm@layoutvoffset=\dimen170
\Gm@dimlist=\toks26
)
(c:/texlive/2023/texmf-dist/tex/latex/multirow/multirow.sty
Package: multirow 2021/03/15 v2.8 Span multiple rows of a table
\multirow@colwidth=\skip57
\multirow@cntb=\count289
\multirow@dima=\skip58
\bigstrutjot=\dimen171
)
(c:/texlive/2023/texmf-dist/tex/latex/tools/tabularx.sty
Package: tabularx 2023/07/08 v2.11c `tabularx' package (DPC)
\TX@col@width=\dimen172
\TX@old@table=\dimen173
\TX@old@col=\dimen174
\TX@target=\dimen175
\TX@delta=\dimen176
\TX@cols=\count290
\TX@ftn=\toks27
)
(c:/texlive/2023/texmf-dist/tex/latex/float/float.sty
Package: float 2001/11/08 v1.3d Float enhancements (AL)
\c@float@type=\count291
\float@exts=\toks28
\float@box=\box101
\@float@everytoks=\toks29
\@floatcapt=\box102
)
(c:/texlive/2023/texmf-dist/tex/latex/colortbl/colortbl.sty
Package: colortbl 2022/06/20 v1.0f Color table columns (DPC)
\everycr=\toks30
\minrowclearance=\skip59
\rownum=\count292
)
\documentazione@idxfile=\write3
\openout3 = `documentazione.idx'.


Writing index file documentazione.idx
(c:/texlive/2023/texmf-dist/tex/latex/l3backend/l3backend-pdftex.def
File: l3backend-pdftex.def 2024-01-04 L3 backend support: PDF output (pdfTeX)
\l__color_backend_stack_int=\count293
\l__pdf_internal_box=\box103
)
(./documentazione.aux)
\openout1 = `documentazione.aux'.

LaTeX Font Info:    Checking defaults for OML/cmm/m/it on input line 27.
LaTeX Font Info:    ... okay on input line 27.
LaTeX Font Info:    Checking defaults for OMS/cmsy/m/n on input line 27.
LaTeX Font Info:    ... okay on input line 27.
LaTeX Font Info:    Checking defaults for OT1/cmr/m/n on input line 27.
LaTeX Font Info:    ... okay on input line 27.
LaTeX Font Info:    Checking defaults for T1/cmr/m/n on input line 27.
LaTeX Font Info:    ... okay on input line 27.
LaTeX Font Info:    Checking defaults for TS1/cmr/m/n on input line 27.
LaTeX Font Info:    ... okay on input line 27.
LaTeX Font Info:    Checking defaults for OMX/cmex/m/n on input line 27.
LaTeX Font Info:    ... okay on input line 27.
LaTeX Font Info:    Checking defaults for U/cmr/m/n on input line 27.
LaTeX Font Info:    ... okay on input line 27.

(c:/texlive/2023/texmf-dist/tex/context/base/mkii/supp-pdf.mkii
[Loading MPS to PDF converter (version 2006.09.02).]
\scratchcounter=\count294
\scratchdimen=\dimen177
\scratchbox=\box104
\nofMPsegments=\count295
\nofMParguments=\count296
\everyMPshowfont=\toks31
\MPscratchCnt=\count297
\MPscratchDim=\dimen178
\MPnumerator=\count298
\makeMPintoPDFobject=\count299
\everyMPtoPDFconversion=\toks32
) (c:/texlive/2023/texmf-dist/tex/latex/epstopdf-pkg/epstopdf-base.sty
Package: epstopdf-base 2020-01-24 v2.11 Base part for package epstopdf
Package epstopdf-base Info: Redefining graphics rule for `.eps' on input line 4
85.

(c:/texlive/2023/texmf-dist/tex/latex/latexconfig/epstopdf-sys.cfg
File: epstopdf-sys.cfg 2010/07/13 v1.3 Configuration of (r)epstopdf for TeX Liv
e
))
LaTeX Info: Redefining \it@ocap on input line 27.
LaTeX Info: Redefining \it@ccap on input line 27.

(c:/texlive/2023/texmf-dist/tex/latex/pdflscape/pdflscape.sty
Package: pdflscape 2022-10-27 v0.13 Display of landscape pages in PDF

(c:/texlive/2023/texmf-dist/tex/latex/pdflscape/pdflscape-nometadata.sty
Package: pdflscape-nometadata 2022-10-28 v0.13 Display of landscape pages in PD
F (HO)

(c:/texlive/2023/texmf-dist/tex/latex/graphics/lscape.sty
Package: lscape 2020/05/28 v3.02 Landscape Pages (DPC)
)
Package pdflscape Info: Auto-detected driver: pdftex on input line 81.
))
*geometry* driver: auto-detecting
*geometry* detected driver: pdftex
*geometry* verbose mode - [ preamble ] result:
* driver: pdftex
* paper: <default>
* layout: <same size as paper>
* layoutoffset:(h,v)=(0.0pt,0.0pt)
* modes: 
* h-part:(L,W,R)=(92.14519pt, 430.00462pt, 92.14519pt)
* v-part:(T,H,B)=(95.39737pt, 556.47656pt, 143.09605pt)
* \paperwidth=614.295pt
* \paperheight=794.96999pt
* \textwidth=430.00462pt
* \textheight=556.47656pt
* \oddsidemargin=19.8752pt
* \evensidemargin=19.8752pt
* \topmargin=-13.87262pt
* \headheight=12.0pt
* \headsep=25.0pt
* \topskip=10.0pt
* \footskip=30.0pt
* \marginparwidth=65.0pt
* \marginparsep=11.0pt
* \columnsep=10.0pt
* \skip\footins=9.0pt plus 4.0pt minus 2.0pt
* \hoffset=0.0pt
* \voffset=0.0pt
* \mag=1000
* \@twocolumnfalse
* \@twosidefalse
* \@mparswitchfalse
* \@reversemarginfalse
* (1in=72.27pt=25.4mm, 1cm=28.453pt)

<logo_universita.png, id=1, 240.9pt x 240.9pt>
File: logo_universita.png Graphic file (type png)
<use logo_universita.png>
Package pdftex.def Info: logo_universita.png  used on input line 32.
(pdftex.def)             Requested size: 85.9996pt x 85.99979pt.
<logo_sfondo.png, id=3, 514.92375pt x 194.97844pt>
File: logo_sfondo.png Graphic file (type png)
<use logo_sfondo.png>
Package pdftex.def Info: logo_sfondo.png  used on input line 42.
(pdftex.def)             Requested size: 258.00539pt x 97.69722pt.
(./documentazione.toc [1

{c:/texlive/2023/texmf-var/fonts/map/pdftex/updmap/pdftex.map}{c:/texlive/2023/
texmf-dist/fonts/enc/dvips/cm-super/cm-super-t1.enc} <./logo_universita.png> <.
/logo_sfondo.png>]
LaTeX Font Info:    External font `cmex10' loaded for size
(Font)              <7> on input line 4.
LaTeX Font Info:    External font `cmex10' loaded for size
(Font)              <5> on input line 4.
 [2])
\tf@toc=\write4
\openout4 = `documentazione.toc'.

 [3]
</Users/lucia/Desktop/INGSW/documentazioni/5870.jpg, id=20, 7026.25pt x 5018.75
pt>
File: /Users/lucia/Desktop/INGSW/documentazioni/5870.jpg Graphic file (type jpg
)
<use /Users/lucia/Desktop/INGSW/documentazioni/5870.jpg>
Package pdftex.def Info: /Users/lucia/Desktop/INGSW/documentazioni/5870.jpg  us
ed on input line 86.
(pdftex.def)             Requested size: 387.00153pt x 276.37671pt.
 [4

 </Users/lucia/Desktop/INGSW/documentazioni/5870.jpg>]
Underfull \hbox (badness 10000) in paragraph at lines 96--102

 []


Underfull \hbox (badness 3179) in paragraph at lines 119--119
[]|\T1/cmr/bx/n/10 Visualizzazione sta-ti-sti-che (so-lo
 []

[5] [6]
Underfull \hbox (badness 2875) in paragraph at lines 145--146
[]|\T1/cmr/m/n/10 Il si-ste-ma de-ve es-se-re con-for-me al-lo stan-dard
 []

[7]
<usecasegenerale.png.png, id=37, 828.09375pt x 944.7797pt>
File: usecasegenerale.png.png Graphic file (type png)
<use usecasegenerale.png.png>
Package pdftex.def Info: usecasegenerale.png.png  used on input line 156.
(pdftex.def)             Requested size: 344.005pt x 392.47992pt.
 [8 <./usecasegenerale.png.png>]
<Funzioniplaylist.png.png, id=42, 828.09375pt x 680.5425pt>
File: Funzioniplaylist.png.png Graphic file (type png)
<use Funzioniplaylist.png.png>
Package pdftex.def Info: Funzioniplaylist.png.png  used on input line 175.
(pdftex.def)             Requested size: 387.00153pt x 318.04816pt.
 [9{c:/texlive/2023/texmf-dist/fonts/enc/dvips/cm-super/cm-super-ts1.enc} <./Fu
nzioniplaylist.png.png>]
<aggiuntarimozione.png.jpg, id=48, 1104.125pt x 652.4375pt>
File: aggiuntarimozione.png.jpg Graphic file (type jpg)
<use aggiuntarimozione.png.jpg>
Package pdftex.def Info: aggiuntarimozione.png.jpg  used on input line 183.
(pdftex.def)             Requested size: 387.00153pt x 228.68507pt.
 [10 <./aggiuntarimozione.png.jpg>]
<aggiuntatraccia.png.jpg, id=52, 1104.125pt x 782.925pt>
File: aggiuntatraccia.png.jpg Graphic file (type jpg)
<use aggiuntatraccia.png.jpg>
Package pdftex.def Info: aggiuntatraccia.png.jpg  used on input line 192.
(pdftex.def)             Requested size: 387.00153pt x 274.42209pt.
<analitiche.png.jpg, id=53, 1336.995pt x 819.06pt>
File: analitiche.png.jpg Graphic file (type jpg)
<use analitiche.png.jpg>
Package pdftex.def Info: analitiche.png.jpg  used on input line 205.
(pdftex.def)             Requested size: 387.00153pt x 237.0839pt.
 [11 <./aggiuntatraccia.png.jpg>] [12 <./analitiche.png.jpg>]
[13]

pdfTeX warning: pdflatex.exe (file ./usecase.pdf): PDF inclusion: found PDF ver
sion <1.7>, but at most version <1.5> allowed
<usecase.pdf, id=64, 597.55246pt x 845.07718pt>
File: usecase.pdf Graphic file (type pdf)
<use usecase.pdf>
Package pdftex.def Info: usecase.pdf  used on input line 218.
(pdftex.def)             Requested size: 597.551pt x 845.07512pt.


pdfTeX warning: pdflatex.exe (file ./usecase.pdf): PDF inclusion: found PDF ver
sion <1.7>, but at most version <1.5> allowed
File: usecase.pdf Graphic file (type pdf)
<use usecase.pdf>
Package pdftex.def Info: usecase.pdf  used on input line 218.
(pdftex.def)             Requested size: 597.551pt x 845.07512pt.


pdfTeX warning: pdflatex.exe (file ./usecase.pdf): PDF inclusion: found PDF ver
sion <1.7>, but at most version <1.5> allowed
File: usecase.pdf Graphic file (type pdf)
<use usecase.pdf>
Package pdftex.def Info: usecase.pdf  used on input line 218.
(pdftex.def)             Requested size: 597.551pt x 845.07512pt.


pdfTeX warning: pdflatex.exe (file ./usecase.pdf): PDF inclusion: found PDF ver
sion <1.7>, but at most version <1.5> allowed


pdfTeX warning: pdflatex.exe (file ./usecase.pdf): PDF inclusion: found PDF ver
sion <1.7>, but at most version <1.5> allowed
<usecase.pdf, id=68, page=1, 597.55246pt x 845.07718pt>
File: usecase.pdf Graphic file (type pdf)
<use usecase.pdf, page 1>
Package pdftex.def Info: usecase.pdf , page1 used on input line 218.
(pdftex.def)             Requested size: 597.551pt x 845.07512pt.
File: usecase.pdf Graphic file (type pdf)
<use usecase.pdf, page 1>
Package pdftex.def Info: usecase.pdf , page1 used on input line 218.
(pdftex.def)             Requested size: 562.1644pt x 795.0303pt.
File: usecase.pdf Graphic file (type pdf)
<use usecase.pdf, page 1>
Package pdftex.def Info: usecase.pdf , page1 used on input line 218.
(pdftex.def)             Requested size: 562.1644pt x 795.0303pt.
File: usecase.pdf Graphic file (type pdf)
<use usecase.pdf, page 1>
Package pdftex.def Info: usecase.pdf , page1 used on input line 218.
(pdftex.def)             Requested size: 562.1644pt x 795.0303pt.
File: usecase.pdf Graphic file (type pdf)
<use usecase.pdf, page 1>
Package pdftex.def Info: usecase.pdf , page1 used on input line 218.
(pdftex.def)             Requested size: 562.1644pt x 795.0303pt.
[14

 <./usecase.pdf>]

pdfTeX warning: pdflatex.exe (file ./usecase.pdf): PDF inclusion: found PDF ver
sion <1.7>, but at most version <1.5> allowed
<usecase.pdf, id=98, page=2, 597.55246pt x 845.07718pt>
File: usecase.pdf Graphic file (type pdf)
<use usecase.pdf, page 2>
Package pdftex.def Info: usecase.pdf , page2 used on input line 218.
(pdftex.def)             Requested size: 562.1644pt x 795.0303pt.
File: usecase.pdf Graphic file (type pdf)
<use usecase.pdf, page 2>
Package pdftex.def Info: usecase.pdf , page2 used on input line 218.
(pdftex.def)             Requested size: 562.1644pt x 795.0303pt.
File: usecase.pdf Graphic file (type pdf)
<use usecase.pdf, page 2>
Package pdftex.def Info: usecase.pdf , page2 used on input line 218.
(pdftex.def)             Requested size: 562.1644pt x 795.0303pt.
[15

 <./usecase.pdf>]

pdfTeX warning: pdflatex.exe (file ./Cockburn2.pdf): PDF inclusion: found PDF v
ersion <1.7>, but at most version <1.5> allowed
<Cockburn2.pdf, id=103, 597.55246pt x 845.07718pt>
File: Cockburn2.pdf Graphic file (type pdf)
<use Cockburn2.pdf>
Package pdftex.def Info: Cockburn2.pdf  used on input line 220.
(pdftex.def)             Requested size: 597.551pt x 845.07512pt.


pdfTeX warning: pdflatex.exe (file ./Cockburn2.pdf): PDF inclusion: found PDF v
ersion <1.7>, but at most version <1.5> allowed
File: Cockburn2.pdf Graphic file (type pdf)
<use Cockburn2.pdf>
Package pdftex.def Info: Cockburn2.pdf  used on input line 220.
(pdftex.def)             Requested size: 597.551pt x 845.07512pt.


pdfTeX warning: pdflatex.exe (file ./Cockburn2.pdf): PDF inclusion: found PDF v
ersion <1.7>, but at most version <1.5> allowed
File: Cockburn2.pdf Graphic file (type pdf)
<use Cockburn2.pdf>
Package pdftex.def Info: Cockburn2.pdf  used on input line 220.
(pdftex.def)             Requested size: 597.551pt x 845.07512pt.


pdfTeX warning: pdflatex.exe (file ./Cockburn2.pdf): PDF inclusion: found PDF v
ersion <1.7>, but at most version <1.5> allowed
File: Cockburn2.pdf Graphic file (type pdf)
<use Cockburn2.pdf>
Package pdftex.def Info: Cockburn2.pdf  used on input line 220.
(pdftex.def)             Requested size: 597.551pt x 845.07512pt.


pdfTeX warning: pdflatex.exe (file ./Cockburn2.pdf): PDF inclusion: found PDF v
ersion <1.7>, but at most version <1.5> allowed


pdfTeX warning: pdflatex.exe (file ./Cockburn2.pdf): PDF inclusion: found PDF v
ersion <1.7>, but at most version <1.5> allowed
<Cockburn2.pdf, id=108, page=1, 597.55246pt x 845.07718pt>
File: Cockburn2.pdf Graphic file (type pdf)
<use Cockburn2.pdf, page 1>
Package pdftex.def Info: Cockburn2.pdf , page1 used on input line 220.
(pdftex.def)             Requested size: 597.551pt x 845.07512pt.
File: Cockburn2.pdf Graphic file (type pdf)
<use Cockburn2.pdf, page 1>
Package pdftex.def Info: Cockburn2.pdf , page1 used on input line 220.
(pdftex.def)             Requested size: 562.1644pt x 795.0303pt.
File: Cockburn2.pdf Graphic file (type pdf)
<use Cockburn2.pdf, page 1>
Package pdftex.def Info: Cockburn2.pdf , page1 used on input line 220.
(pdftex.def)             Requested size: 562.1644pt x 795.0303pt.
File: Cockburn2.pdf Graphic file (type pdf)
<use Cockburn2.pdf, page 1>
Package pdftex.def Info: Cockburn2.pdf , page1 used on input line 220.
(pdftex.def)             Requested size: 562.1644pt x 795.0303pt.
File: Cockburn2.pdf Graphic file (type pdf)
<use Cockburn2.pdf, page 1>
Package pdftex.def Info: Cockburn2.pdf , page1 used on input line 220.
(pdftex.def)             Requested size: 562.1644pt x 795.0303pt.
[16

 <./Cockburn2.pdf>]

pdfTeX warning: pdflatex.exe (file ./Cockburn2.pdf): PDF inclusion: found PDF v
ersion <1.7>, but at most version <1.5> allowed
<Cockburn2.pdf, id=138, page=2, 597.55246pt x 845.07718pt>
File: Cockburn2.pdf Graphic file (type pdf)
<use Cockburn2.pdf, page 2>
Package pdftex.def Info: Cockburn2.pdf , page2 used on input line 220.
(pdftex.def)             Requested size: 562.1644pt x 795.0303pt.
File: Cockburn2.pdf Graphic file (type pdf)
<use Cockburn2.pdf, page 2>
Package pdftex.def Info: Cockburn2.pdf , page2 used on input line 220.
(pdftex.def)             Requested size: 562.1644pt x 795.0303pt.
File: Cockburn2.pdf Graphic file (type pdf)
<use Cockburn2.pdf, page 2>
Package pdftex.def Info: Cockburn2.pdf , page2 used on input line 220.
(pdftex.def)             Requested size: 562.1644pt x 795.0303pt.
[17

 <./Cockburn2.pdf>]

pdfTeX warning: pdflatex.exe (file ./Cockburn2.pdf): PDF inclusion: found PDF v
ersion <1.7>, but at most version <1.5> allowed
<Cockburn2.pdf, id=143, page=3, 597.55246pt x 845.07718pt>
File: Cockburn2.pdf Graphic file (type pdf)
<use Cockburn2.pdf, page 3>
Package pdftex.def Info: Cockburn2.pdf , page3 used on input line 220.
(pdftex.def)             Requested size: 562.1644pt x 795.0303pt.
File: Cockburn2.pdf Graphic file (type pdf)
<use Cockburn2.pdf, page 3>
Package pdftex.def Info: Cockburn2.pdf , page3 used on input line 220.
(pdftex.def)             Requested size: 562.1644pt x 795.0303pt.
File: Cockburn2.pdf Graphic file (type pdf)
<use Cockburn2.pdf, page 3>
Package pdftex.def Info: Cockburn2.pdf , page3 used on input line 220.
(pdftex.def)             Requested size: 562.1644pt x 795.0303pt.
[18

 <./Cockburn2.pdf>]
<uxdesign.png, id=148, 2007.5pt x 2007.5pt>
File: uxdesign.png Graphic file (type png)
<use uxdesign.png>
Package pdftex.def Info: uxdesign.png  used on input line 235.
(pdftex.def)             Requested size: 258.00539pt x 257.98222pt.
<palette.jpeg, id=149, 1606.0pt x 2409.0pt>
File: palette.jpeg Graphic file (type jpg)
<use palette.jpeg>
Package pdftex.def Info: palette.jpeg  used on input line 241.
(pdftex.def)             Requested size: 258.00539pt x 386.99173pt.
 [19 <./uxdesign.png>] [20 <./palette.jpeg>]
<home_page.png, id=158, 361.35pt x 803.0pt>
File: home_page.png Graphic file (type png)
<use home_page.png>
Package pdftex.def Info: home_page.png  used on input line 269.
(pdftex.def)             Requested size: 85.9996pt x 191.10657pt.
<search_page.png, id=159, 361.35pt x 803.0pt>
File: search_page.png Graphic file (type png)
<use search_page.png>
Package pdftex.def Info: search_page.png  used on input line 276.
(pdftex.def)             Requested size: 85.9996pt x 191.10657pt.
 [21]
LaTeX Font Info:    External font `cmex10' loaded for size
(Font)              <8> on input line 288.
LaTeX Font Info:    External font `cmex10' loaded for size
(Font)              <6> on input line 288.
<foto1.png, id=163, 1983.41pt x 4015.0pt>
File: foto1.png Graphic file (type png)
<use foto1.png>
Package pdftex.def Info: foto1.png  used on input line 292.
(pdftex.def)             Requested size: 77.39767pt x 156.65176pt.
<foto2.png, id=164, 1983.41pt x 4015.0pt>
File: foto2.png Graphic file (type png)
<use foto2.png>
Package pdftex.def Info: foto2.png  used on input line 296.
(pdftex.def)             Requested size: 77.39767pt x 156.65176pt.
<foto3.png, id=165, 1983.41pt x 4015.0pt>
File: foto3.png Graphic file (type png)
<use foto3.png>
Package pdftex.def Info: foto3.png  used on input line 300.
(pdftex.def)             Requested size: 77.39767pt x 156.65176pt.
<foto4.png, id=166, 1983.41pt x 4015.0pt>
File: foto4.png Graphic file (type png)
<use foto4.png>
Package pdftex.def Info: foto4.png  used on input line 304.
(pdftex.def)             Requested size: 77.39767pt x 156.65176pt.
<foto6.png, id=167, 1983.41pt x 4015.0pt>
File: foto6.png Graphic file (type png)
<use foto6.png>
Package pdftex.def Info: foto6.png  used on input line 308.
(pdftex.def)             Requested size: 77.39767pt x 156.65176pt.
<foto7.png, id=168, 1983.41pt x 4015.0pt>
File: foto7.png Graphic file (type png)
<use foto7.png>
Package pdftex.def Info: foto7.png  used on input line 312.
(pdftex.def)             Requested size: 77.39767pt x 156.65176pt.

[22 <./home_page.png> <./search_page.png>] [23 <./foto1.png> <./foto2.png> <./f
oto3.png> <./foto4.png> <./foto6.png> <./foto7.png>]

pdfTeX warning: pdflatex.exe (file ./mockupanalitiche.pdf): PDF inclusion: foun
d PDF version <1.7>, but at most version <1.5> allowed
<mockupanalitiche.pdf, id=186, 597.55246pt x 845.07718pt>
File: mockupanalitiche.pdf Graphic file (type pdf)
<use mockupanalitiche.pdf>
Package pdftex.def Info: mockupanalitiche.pdf  used on input line 319.
(pdftex.def)             Requested size: 597.551pt x 845.07512pt.


pdfTeX warning: pdflatex.exe (file ./mockupanalitiche.pdf): PDF inclusion: foun
d PDF version <1.7>, but at most version <1.5> allowed
File: mockupanalitiche.pdf Graphic file (type pdf)
<use mockupanalitiche.pdf>
Package pdftex.def Info: mockupanalitiche.pdf  used on input line 319.
(pdftex.def)             Requested size: 597.551pt x 845.07512pt.


pdfTeX warning: pdflatex.exe (file ./mockupanalitiche.pdf): PDF inclusion: foun
d PDF version <1.7>, but at most version <1.5> allowed
File: mockupanalitiche.pdf Graphic file (type pdf)
<use mockupanalitiche.pdf>
Package pdftex.def Info: mockupanalitiche.pdf  used on input line 319.
(pdftex.def)             Requested size: 597.551pt x 845.07512pt.


pdfTeX warning: pdflatex.exe (file ./mockupanalitiche.pdf): PDF inclusion: foun
d PDF version <1.7>, but at most version <1.5> allowed
File: mockupanalitiche.pdf Graphic file (type pdf)
<use mockupanalitiche.pdf>
Package pdftex.def Info: mockupanalitiche.pdf  used on input line 319.
(pdftex.def)             Requested size: 597.551pt x 845.07512pt.


pdfTeX warning: pdflatex.exe (file ./mockupanalitiche.pdf): PDF inclusion: foun
d PDF version <1.7>, but at most version <1.5> allowed
File: mockupanalitiche.pdf Graphic file (type pdf)
<use mockupanalitiche.pdf>
Package pdftex.def Info: mockupanalitiche.pdf  used on input line 319.
(pdftex.def)             Requested size: 597.551pt x 845.07512pt.


pdfTeX warning: pdflatex.exe (file ./mockupanalitiche.pdf): PDF inclusion: foun
d PDF version <1.7>, but at most version <1.5> allowed
File: mockupanalitiche.pdf Graphic file (type pdf)
<use mockupanalitiche.pdf>
Package pdftex.def Info: mockupanalitiche.pdf  used on input line 319.
(pdftex.def)             Requested size: 597.551pt x 845.07512pt.


pdfTeX warning: pdflatex.exe (file ./mockupanalitiche.pdf): PDF inclusion: foun
d PDF version <1.7>, but at most version <1.5> allowed
File: mockupanalitiche.pdf Graphic file (type pdf)
<use mockupanalitiche.pdf>
Package pdftex.def Info: mockupanalitiche.pdf  used on input line 319.
(pdftex.def)             Requested size: 597.551pt x 845.07512pt.


pdfTeX warning: pdflatex.exe (file ./mockupanalitiche.pdf): PDF inclusion: foun
d PDF version <1.7>, but at most version <1.5> allowed
File: mockupanalitiche.pdf Graphic file (type pdf)
<use mockupanalitiche.pdf>
Package pdftex.def Info: mockupanalitiche.pdf  used on input line 319.
(pdftex.def)             Requested size: 597.551pt x 845.07512pt.


pdfTeX warning: pdflatex.exe (file ./mockupanalitiche.pdf): PDF inclusion: foun
d PDF version <1.7>, but at most version <1.5> allowed


pdfTeX warning: pdflatex.exe (file ./mockupanalitiche.pdf): PDF inclusion: foun
d PDF version <1.7>, but at most version <1.5> allowed
<mockupanalitiche.pdf, id=195, page=1, 597.55246pt x 845.07718pt>
File: mockupanalitiche.pdf Graphic file (type pdf)
<use mockupanalitiche.pdf, page 1>
Package pdftex.def Info: mockupanalitiche.pdf , page1 used on input line 319.
(pdftex.def)             Requested size: 597.551pt x 845.07512pt.
File: mockupanalitiche.pdf Graphic file (type pdf)
<use mockupanalitiche.pdf, page 1>
Package pdftex.def Info: mockupanalitiche.pdf , page1 used on input line 319.
(pdftex.def)             Requested size: 562.1644pt x 795.0303pt.
[24]
File: mockupanalitiche.pdf Graphic file (type pdf)
<use mockupanalitiche.pdf, page 1>
Package pdftex.def Info: mockupanalitiche.pdf , page1 used on input line 319.
(pdftex.def)             Requested size: 562.1644pt x 795.0303pt.
File: mockupanalitiche.pdf Graphic file (type pdf)
<use mockupanalitiche.pdf, page 1>
Package pdftex.def Info: mockupanalitiche.pdf , page1 used on input line 319.
(pdftex.def)             Requested size: 562.1644pt x 795.0303pt.
File: mockupanalitiche.pdf Graphic file (type pdf)
<use mockupanalitiche.pdf, page 1>
Package pdftex.def Info: mockupanalitiche.pdf , page1 used on input line 319.
(pdftex.def)             Requested size: 562.1644pt x 795.0303pt.
 [25

 <./mockupanalitiche.pdf>]

pdfTeX warning: pdflatex.exe (file ./mockupanalitiche.pdf): PDF inclusion: foun
d PDF version <1.7>, but at most version <1.5> allowed
<mockupanalitiche.pdf, id=214, page=2, 597.55246pt x 845.07718pt>
File: mockupanalitiche.pdf Graphic file (type pdf)
<use mockupanalitiche.pdf, page 2>
Package pdftex.def Info: mockupanalitiche.pdf , page2 used on input line 319.
(pdftex.def)             Requested size: 562.1644pt x 795.0303pt.
File: mockupanalitiche.pdf Graphic file (type pdf)
<use mockupanalitiche.pdf, page 2>
Package pdftex.def Info: mockupanalitiche.pdf , page2 used on input line 319.
(pdftex.def)             Requested size: 562.1644pt x 795.0303pt.
File: mockupanalitiche.pdf Graphic file (type pdf)
<use mockupanalitiche.pdf, page 2>
Package pdftex.def Info: mockupanalitiche.pdf , page2 used on input line 319.
(pdftex.def)             Requested size: 562.1644pt x 795.0303pt.
[26

 <./mockupanalitiche.pdf>]

pdfTeX warning: pdflatex.exe (file ./mockupanalitiche.pdf): PDF inclusion: foun
d PDF version <1.7>, but at most version <1.5> allowed
<mockupanalitiche.pdf, id=221, page=3, 597.55246pt x 845.07718pt>
File: mockupanalitiche.pdf Graphic file (type pdf)
<use mockupanalitiche.pdf, page 3>
Package pdftex.def Info: mockupanalitiche.pdf , page3 used on input line 319.
(pdftex.def)             Requested size: 562.1644pt x 795.0303pt.
File: mockupanalitiche.pdf Graphic file (type pdf)
<use mockupanalitiche.pdf, page 3>
Package pdftex.def Info: mockupanalitiche.pdf , page3 used on input line 319.
(pdftex.def)             Requested size: 562.1644pt x 795.0303pt.
File: mockupanalitiche.pdf Graphic file (type pdf)
<use mockupanalitiche.pdf, page 3>
Package pdftex.def Info: mockupanalitiche.pdf , page3 used on input line 319.
(pdftex.def)             Requested size: 562.1644pt x 795.0303pt.
[27

 <./mockupanalitiche.pdf>]

pdfTeX warning: pdflatex.exe (file ./mockupanalitiche.pdf): PDF inclusion: foun
d PDF version <1.7>, but at most version <1.5> allowed
<mockupanalitiche.pdf, id=228, page=4, 597.55246pt x 845.07718pt>
File: mockupanalitiche.pdf Graphic file (type pdf)
<use mockupanalitiche.pdf, page 4>
Package pdftex.def Info: mockupanalitiche.pdf , page4 used on input line 319.
(pdftex.def)             Requested size: 562.1644pt x 795.0303pt.
File: mockupanalitiche.pdf Graphic file (type pdf)
<use mockupanalitiche.pdf, page 4>
Package pdftex.def Info: mockupanalitiche.pdf , page4 used on input line 319.
(pdftex.def)             Requested size: 562.1644pt x 795.0303pt.
File: mockupanalitiche.pdf Graphic file (type pdf)
<use mockupanalitiche.pdf, page 4>
Package pdftex.def Info: mockupanalitiche.pdf , page4 used on input line 319.
(pdftex.def)             Requested size: 562.1644pt x 795.0303pt.
[28

 <./mockupanalitiche.pdf>]

pdfTeX warning: pdflatex.exe (file ./mockupanalitiche.pdf): PDF inclusion: foun
d PDF version <1.7>, but at most version <1.5> allowed
<mockupanalitiche.pdf, id=235, page=5, 597.55246pt x 845.07718pt>
File: mockupanalitiche.pdf Graphic file (type pdf)
<use mockupanalitiche.pdf, page 5>
Package pdftex.def Info: mockupanalitiche.pdf , page5 used on input line 319.
(pdftex.def)             Requested size: 562.1644pt x 795.0303pt.
File: mockupanalitiche.pdf Graphic file (type pdf)
<use mockupanalitiche.pdf, page 5>
Package pdftex.def Info: mockupanalitiche.pdf , page5 used on input line 319.
(pdftex.def)             Requested size: 562.1644pt x 795.0303pt.
File: mockupanalitiche.pdf Graphic file (type pdf)
<use mockupanalitiche.pdf, page 5>
Package pdftex.def Info: mockupanalitiche.pdf , page5 used on input line 319.
(pdftex.def)             Requested size: 562.1644pt x 795.0303pt.
[29

 <./mockupanalitiche.pdf>]

pdfTeX warning: pdflatex.exe (file ./mockupanalitiche.pdf): PDF inclusion: foun
d PDF version <1.7>, but at most version <1.5> allowed
<mockupanalitiche.pdf, id=249, page=6, 597.55246pt x 845.07718pt>
File: mockupanalitiche.pdf Graphic file (type pdf)
<use mockupanalitiche.pdf, page 6>
Package pdftex.def Info: mockupanalitiche.pdf , page6 used on input line 319.
(pdftex.def)             Requested size: 562.1644pt x 795.0303pt.
File: mockupanalitiche.pdf Graphic file (type pdf)
<use mockupanalitiche.pdf, page 6>
Package pdftex.def Info: mockupanalitiche.pdf , page6 used on input line 319.
(pdftex.def)             Requested size: 562.1644pt x 795.0303pt.
File: mockupanalitiche.pdf Graphic file (type pdf)
<use mockupanalitiche.pdf, page 6>
Package pdftex.def Info: mockupanalitiche.pdf , page6 used on input line 319.
(pdftex.def)             Requested size: 562.1644pt x 795.0303pt.
[30

 <./mockupanalitiche.pdf>]

pdfTeX warning: pdflatex.exe (file ./mockupanalitiche.pdf): PDF inclusion: foun
d PDF version <1.7>, but at most version <1.5> allowed
<mockupanalitiche.pdf, id=256, page=7, 597.55246pt x 845.07718pt>
File: mockupanalitiche.pdf Graphic file (type pdf)
<use mockupanalitiche.pdf, page 7>
Package pdftex.def Info: mockupanalitiche.pdf , page7 used on input line 319.
(pdftex.def)             Requested size: 562.1644pt x 795.0303pt.
File: mockupanalitiche.pdf Graphic file (type pdf)
<use mockupanalitiche.pdf, page 7>
Package pdftex.def Info: mockupanalitiche.pdf , page7 used on input line 319.
(pdftex.def)             Requested size: 562.1644pt x 795.0303pt.
File: mockupanalitiche.pdf Graphic file (type pdf)
<use mockupanalitiche.pdf, page 7>
Package pdftex.def Info: mockupanalitiche.pdf , page7 used on input line 319.
(pdftex.def)             Requested size: 562.1644pt x 795.0303pt.
[31

 <./mockupanalitiche.pdf>]

pdfTeX warning: pdflatex.exe (file ./mockupadd.pdf): PDF inclusion: found PDF v
ersion <1.7>, but at most version <1.5> allowed
<mockupadd.pdf, id=264, 597.55246pt x 845.07718pt>
File: mockupadd.pdf Graphic file (type pdf)
<use mockupadd.pdf>
Package pdftex.def Info: mockupadd.pdf  used on input line 322.
(pdftex.def)             Requested size: 597.551pt x 845.07512pt.


pdfTeX warning: pdflatex.exe (file ./mockupadd.pdf): PDF inclusion: found PDF v
ersion <1.7>, but at most version <1.5> allowed
File: mockupadd.pdf Graphic file (type pdf)
<use mockupadd.pdf>
Package pdftex.def Info: mockupadd.pdf  used on input line 322.
(pdftex.def)             Requested size: 597.551pt x 845.07512pt.


pdfTeX warning: pdflatex.exe (file ./mockupadd.pdf): PDF inclusion: found PDF v
ersion <1.7>, but at most version <1.5> allowed
File: mockupadd.pdf Graphic file (type pdf)
<use mockupadd.pdf>
Package pdftex.def Info: mockupadd.pdf  used on input line 322.
(pdftex.def)             Requested size: 597.551pt x 845.07512pt.


pdfTeX warning: pdflatex.exe (file ./mockupadd.pdf): PDF inclusion: found PDF v
ersion <1.7>, but at most version <1.5> allowed
File: mockupadd.pdf Graphic file (type pdf)
<use mockupadd.pdf>
Package pdftex.def Info: mockupadd.pdf  used on input line 322.
(pdftex.def)             Requested size: 597.551pt x 845.07512pt.


pdfTeX warning: pdflatex.exe (file ./mockupadd.pdf): PDF inclusion: found PDF v
ersion <1.7>, but at most version <1.5> allowed
File: mockupadd.pdf Graphic file (type pdf)
<use mockupadd.pdf>
Package pdftex.def Info: mockupadd.pdf  used on input line 322.
(pdftex.def)             Requested size: 597.551pt x 845.07512pt.


pdfTeX warning: pdflatex.exe (file ./mockupadd.pdf): PDF inclusion: found PDF v
ersion <1.7>, but at most version <1.5> allowed


pdfTeX warning: pdflatex.exe (file ./mockupadd.pdf): PDF inclusion: found PDF v
ersion <1.7>, but at most version <1.5> allowed
<mockupadd.pdf, id=270, page=1, 597.55246pt x 845.07718pt>
File: mockupadd.pdf Graphic file (type pdf)
<use mockupadd.pdf, page 1>
Package pdftex.def Info: mockupadd.pdf , page1 used on input line 322.
(pdftex.def)             Requested size: 597.551pt x 845.07512pt.
File: mockupadd.pdf Graphic file (type pdf)
<use mockupadd.pdf, page 1>
Package pdftex.def Info: mockupadd.pdf , page1 used on input line 322.
(pdftex.def)             Requested size: 562.1644pt x 795.0303pt.
[32]
File: mockupadd.pdf Graphic file (type pdf)
<use mockupadd.pdf, page 1>
Package pdftex.def Info: mockupadd.pdf , page1 used on input line 322.
(pdftex.def)             Requested size: 562.1644pt x 795.0303pt.
File: mockupadd.pdf Graphic file (type pdf)
<use mockupadd.pdf, page 1>
Package pdftex.def Info: mockupadd.pdf , page1 used on input line 322.
(pdftex.def)             Requested size: 562.1644pt x 795.0303pt.
File: mockupadd.pdf Graphic file (type pdf)
<use mockupadd.pdf, page 1>
Package pdftex.def Info: mockupadd.pdf , page1 used on input line 322.
(pdftex.def)             Requested size: 562.1644pt x 795.0303pt.
 [33

 <./mockupadd.pdf>]

pdfTeX warning: pdflatex.exe (file ./mockupadd.pdf): PDF inclusion: found PDF v
ersion <1.7>, but at most version <1.5> allowed
<mockupadd.pdf, id=287, page=2, 597.55246pt x 845.07718pt>
File: mockupadd.pdf Graphic file (type pdf)
<use mockupadd.pdf, page 2>
Package pdftex.def Info: mockupadd.pdf , page2 used on input line 322.
(pdftex.def)             Requested size: 562.1644pt x 795.0303pt.
File: mockupadd.pdf Graphic file (type pdf)
<use mockupadd.pdf, page 2>
Package pdftex.def Info: mockupadd.pdf , page2 used on input line 322.
(pdftex.def)             Requested size: 562.1644pt x 795.0303pt.
File: mockupadd.pdf Graphic file (type pdf)
<use mockupadd.pdf, page 2>
Package pdftex.def Info: mockupadd.pdf , page2 used on input line 322.
(pdftex.def)             Requested size: 562.1644pt x 795.0303pt.
[34

 <./mockupadd.pdf>]

pdfTeX warning: pdflatex.exe (file ./mockupadd.pdf): PDF inclusion: found PDF v
ersion <1.7>, but at most version <1.5> allowed
<mockupadd.pdf, id=305, page=3, 597.55246pt x 845.07718pt>
File: mockupadd.pdf Graphic file (type pdf)
<use mockupadd.pdf, page 3>
Package pdftex.def Info: mockupadd.pdf , page3 used on input line 322.
(pdftex.def)             Requested size: 562.1644pt x 795.0303pt.
File: mockupadd.pdf Graphic file (type pdf)
<use mockupadd.pdf, page 3>
Package pdftex.def Info: mockupadd.pdf , page3 used on input line 322.
(pdftex.def)             Requested size: 562.1644pt x 795.0303pt.
File: mockupadd.pdf Graphic file (type pdf)
<use mockupadd.pdf, page 3>
Package pdftex.def Info: mockupadd.pdf , page3 used on input line 322.
(pdftex.def)             Requested size: 562.1644pt x 795.0303pt.
[35

 <./mockupadd.pdf>]

pdfTeX warning: pdflatex.exe (file ./mockupadd.pdf): PDF inclusion: found PDF v
ersion <1.7>, but at most version <1.5> allowed
<mockupadd.pdf, id=312, page=4, 597.55246pt x 845.07718pt>
File: mockupadd.pdf Graphic file (type pdf)
<use mockupadd.pdf, page 4>
Package pdftex.def Info: mockupadd.pdf , page4 used on input line 322.
(pdftex.def)             Requested size: 562.1644pt x 795.0303pt.
File: mockupadd.pdf Graphic file (type pdf)
<use mockupadd.pdf, page 4>
Package pdftex.def Info: mockupadd.pdf , page4 used on input line 322.
(pdftex.def)             Requested size: 562.1644pt x 795.0303pt.
File: mockupadd.pdf Graphic file (type pdf)
<use mockupadd.pdf, page 4>
Package pdftex.def Info: mockupadd.pdf , page4 used on input line 322.
(pdftex.def)             Requested size: 562.1644pt x 795.0303pt.
[36

 <./mockupadd.pdf>] [37]

pdfTeX warning: pdflatex.exe (file ./tabelle.pdf): PDF inclusion: found PDF ver
sion <1.7>, but at most version <1.5> allowed
<tabelle.pdf, id=323, 597.55246pt x 845.07718pt>
File: tabelle.pdf Graphic file (type pdf)
<use tabelle.pdf>
Package pdftex.def Info: tabelle.pdf  used on input line 342.
(pdftex.def)             Requested size: 597.551pt x 845.07512pt.


pdfTeX warning: pdflatex.exe (file ./tabelle.pdf): PDF inclusion: found PDF ver
sion <1.7>, but at most version <1.5> allowed
File: tabelle.pdf Graphic file (type pdf)
<use tabelle.pdf>
Package pdftex.def Info: tabelle.pdf  used on input line 342.
(pdftex.def)             Requested size: 597.551pt x 845.07512pt.


pdfTeX warning: pdflatex.exe (file ./tabelle.pdf): PDF inclusion: found PDF ver
sion <1.7>, but at most version <1.5> allowed
File: tabelle.pdf Graphic file (type pdf)
<use tabelle.pdf>
Package pdftex.def Info: tabelle.pdf  used on input line 342.
(pdftex.def)             Requested size: 597.551pt x 845.07512pt.


pdfTeX warning: pdflatex.exe (file ./tabelle.pdf): PDF inclusion: found PDF ver
sion <1.7>, but at most version <1.5> allowed


pdfTeX warning: pdflatex.exe (file ./tabelle.pdf): PDF inclusion: found PDF ver
sion <1.7>, but at most version <1.5> allowed
<tabelle.pdf, id=327, page=1, 597.55246pt x 845.07718pt>
File: tabelle.pdf Graphic file (type pdf)
<use tabelle.pdf, page 1>
Package pdftex.def Info: tabelle.pdf , page1 used on input line 342.
(pdftex.def)             Requested size: 597.551pt x 845.07512pt.
File: tabelle.pdf Graphic file (type pdf)
<use tabelle.pdf, page 1>
Package pdftex.def Info: tabelle.pdf , page1 used on input line 342.
(pdftex.def)             Requested size: 562.1644pt x 795.0303pt.
[38]
File: tabelle.pdf Graphic file (type pdf)
<use tabelle.pdf, page 1>
Package pdftex.def Info: tabelle.pdf , page1 used on input line 342.
(pdftex.def)             Requested size: 562.1644pt x 795.0303pt.
File: tabelle.pdf Graphic file (type pdf)
<use tabelle.pdf, page 1>
Package pdftex.def Info: tabelle.pdf , page1 used on input line 342.
(pdftex.def)             Requested size: 562.1644pt x 795.0303pt.
File: tabelle.pdf Graphic file (type pdf)
<use tabelle.pdf, page 1>
Package pdftex.def Info: tabelle.pdf , page1 used on input line 342.
(pdftex.def)             Requested size: 562.1644pt x 795.0303pt.
 [39

 <./tabelle.pdf>]

pdfTeX warning: pdflatex.exe (file ./tabelle.pdf): PDF inclusion: found PDF ver
sion <1.7>, but at most version <1.5> allowed
<tabelle.pdf, id=360, page=2, 597.55246pt x 845.07718pt>
File: tabelle.pdf Graphic file (type pdf)
<use tabelle.pdf, page 2>
Package pdftex.def Info: tabelle.pdf , page2 used on input line 342.
(pdftex.def)             Requested size: 562.1644pt x 795.0303pt.
File: tabelle.pdf Graphic file (type pdf)
<use tabelle.pdf, page 2>
Package pdftex.def Info: tabelle.pdf , page2 used on input line 342.
(pdftex.def)             Requested size: 562.1644pt x 795.0303pt.
File: tabelle.pdf Graphic file (type pdf)
<use tabelle.pdf, page 2>
Package pdftex.def Info: tabelle.pdf , page2 used on input line 342.
(pdftex.def)             Requested size: 562.1644pt x 795.0303pt.
[40

 <./tabelle.pdf>]

pdfTeX warning: pdflatex.exe (file ./dati.pdf): PDF inclusion: found PDF versio
n <1.7>, but at most version <1.5> allowed
<dati.pdf, id=365, 597.55246pt x 845.07718pt>
File: dati.pdf Graphic file (type pdf)
<use dati.pdf>
Package pdftex.def Info: dati.pdf  used on input line 364.
(pdftex.def)             Requested size: 597.551pt x 845.07512pt.


pdfTeX warning: pdflatex.exe (file ./dati.pdf): PDF inclusion: found PDF versio
n <1.7>, but at most version <1.5> allowed
File: dati.pdf Graphic file (type pdf)
<use dati.pdf>
Package pdftex.def Info: dati.pdf  used on input line 364.
(pdftex.def)             Requested size: 597.551pt x 845.07512pt.


pdfTeX warning: pdflatex.exe (file ./dati.pdf): PDF inclusion: found PDF versio
n <1.7>, but at most version <1.5> allowed


pdfTeX warning: pdflatex.exe (file ./dati.pdf): PDF inclusion: found PDF versio
n <1.7>, but at most version <1.5> allowed
<dati.pdf, id=368, page=1, 597.55246pt x 845.07718pt>
File: dati.pdf Graphic file (type pdf)
<use dati.pdf, page 1>
Package pdftex.def Info: dati.pdf , page1 used on input line 364.
(pdftex.def)             Requested size: 597.551pt x 845.07512pt.
File: dati.pdf Graphic file (type pdf)
<use dati.pdf, page 1>
Package pdftex.def Info: dati.pdf , page1 used on input line 364.
(pdftex.def)             Requested size: 562.1644pt x 795.0303pt.
[41]
File: dati.pdf Graphic file (type pdf)
<use dati.pdf, page 1>
Package pdftex.def Info: dati.pdf , page1 used on input line 364.
(pdftex.def)             Requested size: 562.1644pt x 795.0303pt.
File: dati.pdf Graphic file (type pdf)
<use dati.pdf, page 1>
Package pdftex.def Info: dati.pdf , page1 used on input line 364.
(pdftex.def)             Requested size: 562.1644pt x 795.0303pt.
File: dati.pdf Graphic file (type pdf)
<use dati.pdf, page 1>
Package pdftex.def Info: dati.pdf , page1 used on input line 364.
(pdftex.def)             Requested size: 562.1644pt x 795.0303pt.
 [42

 <./dati.pdf>]
Overfull \vbox (170.6283pt too high) has occurred while \output is active []


[43] (./documentazione.aux)
 ***********
LaTeX2e <2023-11-01> patch level 1
L3 programming layer <2024-02-13>
 ***********
 ) 
Here is how much of TeX's memory you used:
 6264 strings out of 474141
 101714 string characters out of 5748625
 1940998 words of memory out of 5000000
 28508 multiletter control sequences out of 15000+600000
 568534 words of font info for 54 fonts, out of 8000000 for 9000
 1141 hyphenation exceptions out of 8191
 72i,17n,79p,863b,522s stack positions out of 10000i,1000n,20000p,200000b,200000s
<c:/texlive/2023/texmf-dist/fonts/type1/public/cm-super/sfbi1000.pfb><c:/texl
ive/2023/texmf-dist/fonts/type1/public/cm-super/sfbx1000.pfb><c:/texlive/2023/t
exmf-dist/fonts/type1/public/cm-super/sfbx1200.pfb><c:/texlive/2023/texmf-dist/
fonts/type1/public/cm-super/sfbx1440.pfb><c:/texlive/2023/texmf-dist/fonts/type
1/public/cm-super/sfrm0600.pfb><c:/texlive/2023/texmf-dist/fonts/type1/public/c
m-super/sfrm0700.pfb><c:/texlive/2023/texmf-dist/fonts/type1/public/cm-super/sf
rm0800.pfb><c:/texlive/2023/texmf-dist/fonts/type1/public/cm-super/sfrm1000.pfb
><c:/texlive/2023/texmf-dist/fonts/type1/public/cm-super/sfti1000.pfb>
Output written on documentazione.pdf (43 pages, 14861038 bytes).
PDF statistics:
 488 PDF objects out of 1000 (max. 8388607)
 299 compressed objects within 3 object streams
 0 named destinations out of 1000 (max. 500000)
 341 words of extra memory for PDF output out of 10000 (max. 10000000)

